Using pre-set license
Built from '2021.3/staging' branch; Version is '2021.3.16f1 (4016570cf34f) revision 4200023'; Using compiler version '192829333'; Build Type 'Release'
OS: 'Windows 10  (10.0.19045) 64bit Core' Language: 'en' Physical Memory: 16319 MB
BatchMode: 1, IsHumanControllingUs: 0, StartBugReporterOnCrash: 0, Is64bit: 1, IsPro: 1

COMMAND LINE ARGUMENTS:
D:\UnityEditor\2021.3.16f1\Editor\Unity.exe
-adb2
-batchMode
-noUpm
-name
AssetImportWorker0
-projectPath
D:/Unity Projects/Xenoblade Remake/Mascho-Seth-Xenoblade-Desgin
-logFile
Logs/AssetImportWorker0.log
-srvPort
51847
Successfully changed project path to: D:/Unity Projects/Xenoblade Remake/Mascho-Seth-Xenoblade-Desgin
D:/Unity Projects/Xenoblade Remake/Mascho-Seth-Xenoblade-Desgin
[UnityMemory] Configuration Parameters - Can be set up in boot.config
    "memorysetup-bucket-allocator-granularity=16"
    "memorysetup-bucket-allocator-bucket-count=8"
    "memorysetup-bucket-allocator-block-size=33554432"
    "memorysetup-bucket-allocator-block-count=8"
    "memorysetup-main-allocator-block-size=16777216"
    "memorysetup-thread-allocator-block-size=16777216"
    "memorysetup-gfx-main-allocator-block-size=16777216"
    "memorysetup-gfx-thread-allocator-block-size=16777216"
    "memorysetup-cache-allocator-block-size=4194304"
    "memorysetup-typetree-allocator-block-size=2097152"
    "memorysetup-profiler-bucket-allocator-granularity=16"
    "memorysetup-profiler-bucket-allocator-bucket-count=8"
    "memorysetup-profiler-bucket-allocator-block-size=33554432"
    "memorysetup-profiler-bucket-allocator-block-count=8"
    "memorysetup-profiler-allocator-block-size=16777216"
    "memorysetup-profiler-editor-allocator-block-size=1048576"
    "memorysetup-temp-allocator-size-main=16777216"
    "memorysetup-job-temp-allocator-block-size=2097152"
    "memorysetup-job-temp-allocator-block-size-background=1048576"
    "memorysetup-job-temp-allocator-reduction-small-platforms=262144"
    "memorysetup-temp-allocator-size-background-worker=32768"
    "memorysetup-temp-allocator-size-job-worker=262144"
    "memorysetup-temp-allocator-size-preload-manager=33554432"
    "memorysetup-temp-allocator-size-nav-mesh-worker=65536"
    "memorysetup-temp-allocator-size-audio-worker=65536"
    "memorysetup-temp-allocator-size-cloud-worker=32768"
    "memorysetup-temp-allocator-size-gi-baking-worker=262144"
    "memorysetup-temp-allocator-size-gfx=262144"
Player connection [14888] Host "[IP] 10.0.0.61 [Port] 0 [Flags] 2 [Guid] 2080096386 [EditorId] 2080096386 [Version] 1048832 [Id] WindowsEditor(7,DESKTOP-7M4V52G) [Debug] 1 [PackageName] WindowsEditor [ProjectName] Editor" joined multi-casting on [225.0.0.222:54997]...

Player connection [14888] Host "[IP] 10.0.0.61 [Port] 0 [Flags] 2 [Guid] 2080096386 [EditorId] 2080096386 [Version] 1048832 [Id] WindowsEditor(7,DESKTOP-7M4V52G) [Debug] 1 [PackageName] WindowsEditor [ProjectName] Editor" joined alternative multi-casting on [225.0.0.222:34997]...

Refreshing native plugins compatible for Editor in 180.53 ms, found 3 plugins.
Preloading 0 native plugins for Editor in 0.00 ms.
Initialize engine version: 2021.3.16f1 (4016570cf34f)
[Subsystems] Discovering subsystems at path D:/UnityEditor/2021.3.16f1/Editor/Data/Resources/UnitySubsystems
[Subsystems] Discovering subsystems at path D:/Unity Projects/Xenoblade Remake/Mascho-Seth-Xenoblade-Desgin/Assets
GfxDevice: creating device client; threaded=0; jobified=0
Direct3D:
    Version:  Direct3D 11.0 [level 11.1]
    Renderer: NVIDIA GeForce GTX 1660 (ID=0x2184)
    Vendor:   NVIDIA
    VRAM:     5980 MB
    Driver:   31.0.15.2756
Initialize mono
Mono path[0] = 'D:/UnityEditor/2021.3.16f1/Editor/Data/Managed'
Mono path[1] = 'D:/UnityEditor/2021.3.16f1/Editor/Data/MonoBleedingEdge/lib/mono/unityjit-win32'
Mono config path = 'D:/UnityEditor/2021.3.16f1/Editor/Data/MonoBleedingEdge/etc'
Using monoOptions --debugger-agent=transport=dt_socket,embedding=1,server=y,suspend=n,address=127.0.0.1:56724
Begin MonoManager ReloadAssembly
Registering precompiled unity dll's ...
Register platform support module: D:/UnityEditor/2021.3.16f1/Editor/Data/PlaybackEngines/WindowsStandaloneSupport/UnityEditor.WindowsStandalone.Extensions.dll
Registered in 0.004021 seconds.
Native extension for WindowsStandalone target not found
Refreshing native plugins compatible for Editor in 182.20 ms, found 3 plugins.
Preloading 0 native plugins for Editor in 0.00 ms.
Mono: successfully reloaded assembly
- Completed reload, in  1.087 seconds
Domain Reload Profiling:
	ReloadAssembly (1088ms)
		BeginReloadAssembly (112ms)
			ExecutionOrderSort (0ms)
			DisableScriptedObjects (0ms)
			BackupInstance (0ms)
			ReleaseScriptingObjects (0ms)
			CreateAndSetChildDomain (1ms)
		EndReloadAssembly (806ms)
			LoadAssemblies (111ms)
			RebuildTransferFunctionScriptingTraits (0ms)
			SetupTypeCache (169ms)
			ReleaseScriptCaches (0ms)
			RebuildScriptCaches (43ms)
			SetupLoadedEditorAssemblies (501ms)
				LogAssemblyErrors (0ms)
				InitializePlatformSupportModulesInManaged (9ms)
				SetLoadedEditorAssemblies (0ms)
				RefreshPlugins (182ms)
				BeforeProcessingInitializeOnLoad (2ms)
				ProcessInitializeOnLoadAttributes (233ms)
				ProcessInitializeOnLoadMethodAttributes (75ms)
				AfterProcessingInitializeOnLoad (0ms)
				EditorAssembliesLoaded (0ms)
			ExecutionOrderSort2 (0ms)
			AwakeInstancesAfterBackupRestoration (0ms)
Platform modules already initialized, skipping
Registering precompiled user dll's ...
Registered in 0.012293 seconds.
Begin MonoManager ReloadAssembly
Symbol file LoadedFromMemory doesn't match image D:\Unity Projects\Xenoblade Remake\Mascho-Seth-Xenoblade-Desgin\Library\PackageCache\com.unity.visualscripting@1.7.8\Editor\VisualScripting.Core\Dependencies\YamlDotNet\Unity.VisualScripting.YamlDotNet.dll
Symbol file LoadedFromMemory doesn't match image D:\Unity Projects\Xenoblade Remake\Mascho-Seth-Xenoblade-Desgin\Library\PackageCache\com.unity.visualscripting@1.7.8\Editor\VisualScripting.Core\Dependencies\DotNetZip\Unity.VisualScripting.IonicZip.dll
Native extension for WindowsStandalone target not found
Refreshing native plugins compatible for Editor in 180.30 ms, found 3 plugins.
Preloading 0 native plugins for Editor in 0.00 ms.
Mono: successfully reloaded assembly
- Completed reload, in  2.288 seconds
Domain Reload Profiling:
	ReloadAssembly (2289ms)
		BeginReloadAssembly (183ms)
			ExecutionOrderSort (0ms)
			DisableScriptedObjects (32ms)
			BackupInstance (0ms)
			ReleaseScriptingObjects (0ms)
			CreateAndSetChildDomain (30ms)
		EndReloadAssembly (1921ms)
			LoadAssemblies (136ms)
			RebuildTransferFunctionScriptingTraits (0ms)
			SetupTypeCache (517ms)
			ReleaseScriptCaches (1ms)
			RebuildScriptCaches (109ms)
			SetupLoadedEditorAssemblies (1074ms)
				LogAssemblyErrors (0ms)
				InitializePlatformSupportModulesInManaged (6ms)
				SetLoadedEditorAssemblies (0ms)
				RefreshPlugins (180ms)
				BeforeProcessingInitializeOnLoad (179ms)
				ProcessInitializeOnLoadAttributes (578ms)
				ProcessInitializeOnLoadMethodAttributes (125ms)
				AfterProcessingInitializeOnLoad (6ms)
				EditorAssembliesLoaded (0ms)
			ExecutionOrderSort2 (0ms)
			AwakeInstancesAfterBackupRestoration (9ms)
Platform modules already initialized, skipping
========================================================================
Worker process is ready to serve import requests
Launched and connected shader compiler UnityShaderCompiler.exe after 0.06 seconds
Refreshing native plugins compatible for Editor in 1.15 ms, found 3 plugins.
Preloading 0 native plugins for Editor in 0.00 ms.
Unloading 5681 Unused Serialized files (Serialized files now loaded: 0)
Unloading 62 unused Assets / (1.2 MB). Loaded Objects now: 6118.
Memory consumption went from 224.6 MB to 223.4 MB.
Total: 6.635300 ms (FindLiveObjects: 0.574100 ms CreateObjectMapping: 0.245400 ms MarkObjects: 5.082200 ms  DeleteObjects: 0.731600 ms)

AssetImportParameters requested are different than current active one (requested -> active):
  custom:video-decoder-ogg-theora: a1e56fd34408186e4bbccfd4996cb3dc -> 
  custom:container-muxer-webm: aa71ff27fc2769a1b78a27578f13a17b -> 
  custom:container-demuxer-webm: 4f35f7cbe854078d1ac9338744f61a02 -> 
  custom:video-encoder-webm-vp8: eb34c28f22e8b96e1ab97ce403110664 -> 
  custom:audio-encoder-webm-vorbis: bf7c407c2cedff20999df2af8eb42d56 -> 
  custom:framework-win-MediaFoundation: 216162199b28c13a410421893ffa2e32 -> 
  custom:container-demuxer-ogg: 62fdf1f143b41e24485cea50d1cbac27 -> 
  custom:video-decoder-webm-vp8: 9c59270c3fd7afecdb556c50c9e8de78 -> 
  custom:audio-decoder-ogg-vorbis: bf7c407c2cedff20999df2af8eb42d56 -> 
========================================================================
Received Import Request.
  Time since last request: 871115.068283 seconds.
  path: Assets/IndicatorMaterial.mat
  artifactKey: Guid(1c7396cbbbde54145b2a83f1b72a5ad0) Importer(815301076,1909f56bfc062723c751e8b465ee728b)
Start importing Assets/IndicatorMaterial.mat using Guid(1c7396cbbbde54145b2a83f1b72a5ad0) Importer(815301076,1909f56bfc062723c751e8b465ee728b)  -> (artifact id: 'f08d7c0e80f4844968e3762208ea699b') in 2.854874 seconds 
========================================================================
Received Import Request.
  Time since last request: 0.000041 seconds.
  path: Assets/Mask.png
  artifactKey: Guid(a3d7be5acace2d946b943d4664737dfd) Importer(815301076,1909f56bfc062723c751e8b465ee728b)
Start importing Assets/Mask.png using Guid(a3d7be5acace2d946b943d4664737dfd) Importer(815301076,1909f56bfc062723c751e8b465ee728b)  -> (artifact id: '74667b38a566d6e76c5922c09febdb28') in 0.047656 seconds 
========================================================================
Received Import Request.
  Time since last request: 1.214731 seconds.
  path: Assets/First Attempt
  artifactKey: Guid(c312253c5b8018e46999b3a25e2aecaa) Importer(815301076,1909f56bfc062723c751e8b465ee728b)
Start importing Assets/First Attempt using Guid(c312253c5b8018e46999b3a25e2aecaa) Importer(815301076,1909f56bfc062723c751e8b465ee728b)  -> (artifact id: '23fd604a09f03bbd8a7fd928c3f6cd44') in 0.007479 seconds 
========================================================================
Received Prepare
Registering precompiled user dll's ...
Registered in 0.010669 seconds.
Begin MonoManager ReloadAssembly
Symbol file LoadedFromMemory doesn't match image D:\Unity Projects\Xenoblade Remake\Mascho-Seth-Xenoblade-Desgin\Library\PackageCache\com.unity.visualscripting@1.7.8\Editor\VisualScripting.Core\Dependencies\YamlDotNet\Unity.VisualScripting.YamlDotNet.dll
Symbol file LoadedFromMemory doesn't match image D:\Unity Projects\Xenoblade Remake\Mascho-Seth-Xenoblade-Desgin\Library\PackageCache\com.unity.visualscripting@1.7.8\Editor\VisualScripting.Core\Dependencies\DotNetZip\Unity.VisualScripting.IonicZip.dll
Native extension for WindowsStandalone target not found
Refreshing native plugins compatible for Editor in 1.12 ms, found 3 plugins.
Preloading 0 native plugins for Editor in 0.00 ms.
Mono: successfully reloaded assembly
- Completed reload, in  2.034 seconds
Domain Reload Profiling:
	ReloadAssembly (2043ms)
		BeginReloadAssembly (217ms)
			ExecutionOrderSort (0ms)
			DisableScriptedObjects (12ms)
			BackupInstance (0ms)
			ReleaseScriptingObjects (0ms)
			CreateAndSetChildDomain (68ms)
		EndReloadAssembly (1680ms)
			LoadAssemblies (135ms)
			RebuildTransferFunctionScriptingTraits (0ms)
			SetupTypeCache (577ms)
			ReleaseScriptCaches (3ms)
			RebuildScriptCaches (73ms)
			SetupLoadedEditorAssemblies (763ms)
				LogAssemblyErrors (0ms)
				InitializePlatformSupportModulesInManaged (17ms)
				SetLoadedEditorAssemblies (1ms)
				RefreshPlugins (1ms)
				BeforeProcessingInitializeOnLoad (123ms)
				ProcessInitializeOnLoadAttributes (493ms)
				ProcessInitializeOnLoadMethodAttributes (125ms)
				AfterProcessingInitializeOnLoad (4ms)
				EditorAssembliesLoaded (0ms)
			ExecutionOrderSort2 (0ms)
			AwakeInstancesAfterBackupRestoration (20ms)
Platform modules already initialized, skipping
Refreshing native plugins compatible for Editor in 3.48 ms, found 3 plugins.
Preloading 0 native plugins for Editor in 0.00 ms.
Unloading 5560 Unused Serialized files (Serialized files now loaded: 0)
Unloading 41 unused Assets / (1.2 MB). Loaded Objects now: 6221.
Memory consumption went from 224.7 MB to 223.5 MB.
Total: 19.576100 ms (FindLiveObjects: 0.725800 ms CreateObjectMapping: 0.577700 ms MarkObjects: 17.067900 ms  DeleteObjects: 1.203400 ms)

AssetImportParameters requested are different than current active one (requested -> active):
  custom:video-decoder-ogg-theora: a1e56fd34408186e4bbccfd4996cb3dc -> 
  custom:container-muxer-webm: aa71ff27fc2769a1b78a27578f13a17b -> 
  custom:container-demuxer-webm: 4f35f7cbe854078d1ac9338744f61a02 -> 
  custom:video-encoder-webm-vp8: eb34c28f22e8b96e1ab97ce403110664 -> 
  custom:audio-encoder-webm-vorbis: bf7c407c2cedff20999df2af8eb42d56 -> 
  custom:framework-win-MediaFoundation: 216162199b28c13a410421893ffa2e32 -> 
  custom:container-demuxer-ogg: 62fdf1f143b41e24485cea50d1cbac27 -> 
  custom:video-decoder-webm-vp8: 9c59270c3fd7afecdb556c50c9e8de78 -> 
  custom:audio-decoder-ogg-vorbis: bf7c407c2cedff20999df2af8eb42d56 -> 
========================================================================
Received Import Request.
  Time since last request: 53.646773 seconds.
  path: Assets/Second Attempt + With Documents
  artifactKey: Guid(7734282346dde6148a9b44da83c6ac9d) Importer(815301076,1909f56bfc062723c751e8b465ee728b)
Start importing Assets/Second Attempt + With Documents using Guid(7734282346dde6148a9b44da83c6ac9d) Importer(815301076,1909f56bfc062723c751e8b465ee728b)  -> (artifact id: '5c3604690025847ea0f16d1074d6500a') in 0.020086 seconds 
========================================================================
Received Import Request.
  Time since last request: 44.117453 seconds.
  path: Assets/Second Attempt + With Documents/Scripts
  artifactKey: Guid(26970bb3fb3acfe4c8e7e7d26952808f) Importer(815301076,1909f56bfc062723c751e8b465ee728b)
Start importing Assets/Second Attempt + With Documents/Scripts using Guid(26970bb3fb3acfe4c8e7e7d26952808f) Importer(815301076,1909f56bfc062723c751e8b465ee728b)  -> (artifact id: '2077d368830ac75d7e31da74b3eb4233') in 0.040960 seconds 
========================================================================
Received Import Request.
  Time since last request: 1.240537 seconds.
  path: Assets/Second Attempt + With Documents/ShopSystem
  artifactKey: Guid(935efff23f7826745959fcaed30ef488) Importer(815301076,1909f56bfc062723c751e8b465ee728b)
Start importing Assets/Second Attempt + With Documents/ShopSystem using Guid(935efff23f7826745959fcaed30ef488) Importer(815301076,1909f56bfc062723c751e8b465ee728b)  -> (artifact id: 'b9b285eabacd6998bad2d0447e508a79') in 0.010971 seconds 
========================================================================
Received Import Request.
  Time since last request: 0.765062 seconds.
  path: Assets/Second Attempt + With Documents/Quest
  artifactKey: Guid(1371914f2f494c24a814de13fb07cdff) Importer(815301076,1909f56bfc062723c751e8b465ee728b)
Start importing Assets/Second Attempt + With Documents/Quest using Guid(1371914f2f494c24a814de13fb07cdff) Importer(815301076,1909f56bfc062723c751e8b465ee728b)  -> (artifact id: '381abf46eae3c550d79310638c40743a') in 0.012360 seconds 
========================================================================
Received Import Request.
  Time since last request: 0.813481 seconds.
  path: Assets/Second Attempt + With Documents/Items
  artifactKey: Guid(e5dfcd1d27798fb4582cbc032dfb6d40) Importer(815301076,1909f56bfc062723c751e8b465ee728b)
Start importing Assets/Second Attempt + With Documents/Items using Guid(e5dfcd1d27798fb4582cbc032dfb6d40) Importer(815301076,1909f56bfc062723c751e8b465ee728b)  -> (artifact id: 'e8402df37fcb0a02a4853540c5af7b50') in 0.010225 seconds 
========================================================================
Received Import Request.
  Time since last request: 0.393319 seconds.
  path: Assets/Second Attempt + With Documents/Entity
  artifactKey: Guid(3455587fa5300e74eaa68e4e1e4c2ff1) Importer(815301076,1909f56bfc062723c751e8b465ee728b)
Start importing Assets/Second Attempt + With Documents/Entity using Guid(3455587fa5300e74eaa68e4e1e4c2ff1) Importer(815301076,1909f56bfc062723c751e8b465ee728b)  -> (artifact id: 'cc8e02588fa5eaa79c28ba3b1595b4fa') in 0.010434 seconds 
========================================================================
Received Import Request.
  Time since last request: 0.527476 seconds.
  path: Assets/Second Attempt + With Documents/Crafting
  artifactKey: Guid(4cf446ed4e1e90b47a7f7b9a677657ff) Importer(815301076,1909f56bfc062723c751e8b465ee728b)
Start importing Assets/Second Attempt + With Documents/Crafting using Guid(4cf446ed4e1e90b47a7f7b9a677657ff) Importer(815301076,1909f56bfc062723c751e8b465ee728b)  -> (artifact id: 'cc45c0250bba91e235fd1dbd7a6922a5') in 0.013366 seconds 
========================================================================
Received Import Request.
  Time since last request: 0.442398 seconds.
  path: Assets/Second Attempt + With Documents/BattleSystem
  artifactKey: Guid(4c3b42b6e5298d44f8049815ad24e915) Importer(815301076,1909f56bfc062723c751e8b465ee728b)
Start importing Assets/Second Attempt + With Documents/BattleSystem using Guid(4c3b42b6e5298d44f8049815ad24e915) Importer(815301076,1909f56bfc062723c751e8b465ee728b)  -> (artifact id: '361b719e7e9ce3978220683387b8e339') in 0.011890 seconds 
========================================================================
Received Import Request.
  Time since last request: 0.416777 seconds.
  path: Assets/Second Attempt + With Documents/Arts
  artifactKey: Guid(4eae9f718333aea41aa15fe2fd001605) Importer(815301076,1909f56bfc062723c751e8b465ee728b)
Start importing Assets/Second Attempt + With Documents/Arts using Guid(4eae9f718333aea41aa15fe2fd001605) Importer(815301076,1909f56bfc062723c751e8b465ee728b)  -> (artifact id: '8d855f92d1b52bb16f95c03e28933e6c') in 0.032880 seconds 
